c:\users\maxime\desktop\projets\robot\robot\debug\vc120.pdb
c:\users\maxime\desktop\projets\robot\robot\debug\vc120.idb
c:\users\maxime\desktop\projets\robot\robot\debug\caisse.obj
c:\users\maxime\desktop\projets\robot\robot\debug\camera.obj
c:\users\maxime\desktop\projets\robot\robot\debug\cube.obj
c:\users\maxime\desktop\projets\robot\robot\debug\input.obj
c:\users\maxime\desktop\projets\robot\robot\debug\main.obj
c:\users\maxime\desktop\projets\robot\robot\debug\mesh.obj
c:\users\maxime\desktop\projets\robot\robot\debug\objloader.obj
c:\users\maxime\desktop\projets\robot\robot\debug\sceneopengl.obj
c:\users\maxime\desktop\projets\robot\robot\debug\shader.obj
c:\users\maxime\desktop\projets\robot\robot\debug\skybox.obj
c:\users\maxime\desktop\projets\robot\robot\debug\terrain.obj
c:\users\maxime\desktop\projets\robot\robot\debug\texture.obj
c:\users\maxime\desktop\projets\robot\robot\debug\vertexbufferobject.obj
c:\users\maxime\desktop\projets\robot\robot\debug\waterplan.obj
c:\users\maxime\desktop\projets\robot\robot\debug\watershader.obj
c:\users\maxime\desktop\projets\robot\debug\robot.ilk
c:\users\maxime\desktop\projets\robot\debug\robot.exe
c:\users\maxime\desktop\projets\robot\debug\robot.pdb
c:\users\maxime\desktop\projets\robot\robot\debug\robot.tlog\cl.command.1.tlog
c:\users\maxime\desktop\projets\robot\robot\debug\robot.tlog\cl.read.1.tlog
c:\users\maxime\desktop\projets\robot\robot\debug\robot.tlog\cl.write.1.tlog
c:\users\maxime\desktop\projets\robot\robot\debug\robot.tlog\link.command.1.tlog
c:\users\maxime\desktop\projets\robot\robot\debug\robot.tlog\link.read.1.tlog
c:\users\maxime\desktop\projets\robot\robot\debug\robot.tlog\link.write.1.tlog
